Using pre-set license
Built from '2020.3/staging' branch; Version is '2020.3.23f1 (c5d91304a876) revision 12966163'; Using compiler version '192528614'; Build Type 'Release'
OS: 'Windows 10 Home; OS build 22000.318; Version 2009; 64bit' Language: 'en' Physical Memory: 7877 MB
BatchMode: 1, IsHumanControllingUs: 0, StartBugReporterOnCrash: 0, Is64bit: 1, IsPro: 0

COMMAND LINE ARGUMENTS:
D:\2020.3.23f1\Editor\Unity.exe
-adb2
-batchMode
-noUpm
-name
AssetImportWorker1
-projectPath
D:/New-Song-Spot/SongSpot
-logFile
Logs/AssetImportWorker1.log
-srvPort
53914
Successfully changed project path to: D:/New-Song-Spot/SongSpot
D:/New-Song-Spot/SongSpot
Using Asset Import Pipeline V2.
Refreshing native plugins compatible for Editor in 152.88 ms, found 2 plugins.
Preloading 0 native plugins for Editor in 0.00 ms.
Initialize engine version: 2020.3.23f1 (c5d91304a876)
[Subsystems] Discovering subsystems at path D:/2020.3.23f1/Editor/Data/Resources/UnitySubsystems
[Subsystems] Discovering subsystems at path D:/New-Song-Spot/SongSpot/Assets
GfxDevice: creating device client; threaded=0
Direct3D:
    Version:  Direct3D 11.0 [level 11.1]
    Renderer: Intel(R) UHD Graphics (ID=0x8a56)
    Vendor:   
    VRAM:     3938 MB
    Driver:   27.20.100.9126
Initialize mono
Mono path[0] = 'D:/2020.3.23f1/Editor/Data/Managed'
Mono path[1] = 'D:/2020.3.23f1/Editor/Data/MonoBleedingEdge/lib/mono/unityjit'
Mono config path = 'D:/2020.3.23f1/Editor/Data/MonoBleedingEdge/etc'
Using monoOptions --debugger-agent=transport=dt_socket,embedding=1,server=y,suspend=n,address=127.0.0.1:56884
Begin MonoManager ReloadAssembly
Registering precompiled unity dll's ...
Register platform support module: D:/2020.3.23f1/Editor/Data/PlaybackEngines/WindowsStandaloneSupport/UnityEditor.WindowsStandalone.Extensions.dll
Registered in 0.001068 seconds.
Native extension for WindowsStandalone target not found
Refreshing native plugins compatible for Editor in 111.69 ms, found 2 plugins.
Preloading 0 native plugins for Editor in 0.00 ms.
Mono: successfully reloaded assembly
- Completed reload, in  1.131 seconds
Domain Reload Profiling:
	ReloadAssembly (1131ms)
		BeginReloadAssembly (102ms)
			ExecutionOrderSort (0ms)
			DisableScriptedObjects (0ms)
			BackupInstance (0ms)
			ReleaseScriptingObjects (0ms)
			CreateAndSetChildDomain (2ms)
		EndReloadAssembly (936ms)
			LoadAssemblies (100ms)
			RebuildTransferFunctionScriptingTraits (0ms)
			SetupTypeCache (204ms)
			ReleaseScriptCaches (0ms)
			RebuildScriptCaches (136ms)
			SetupLoadedEditorAssemblies (356ms)
				LogAssemblyErrors (0ms)
				InitializePlatformSupportModulesInManaged (8ms)
				SetLoadedEditorAssemblies (1ms)
				RefreshPlugins (112ms)
				BeforeProcessingInitializeOnLoad (28ms)
				ProcessInitializeOnLoadAttributes (139ms)
				ProcessInitializeOnLoadMethodAttributes (67ms)
				AfterProcessingInitializeOnLoad (0ms)
				EditorAssembliesLoaded (0ms)
			ExecutionOrderSort2 (0ms)
			AwakeInstancesAfterBackupRestoration (0ms)
Platform modules already initialized, skipping
Registering precompiled user dll's ...
Registered in 0.010235 seconds.
Begin MonoManager ReloadAssembly
Native extension for WindowsStandalone target not found
Refreshing native plugins compatible for Editor in 213.18 ms, found 2 plugins.
Preloading 0 native plugins for Editor in 0.00 ms.
Mono: successfully reloaded assembly
- Completed reload, in  6.804 seconds
Domain Reload Profiling:
	ReloadAssembly (6806ms)
		BeginReloadAssembly (448ms)
			ExecutionOrderSort (0ms)
			DisableScriptedObjects (12ms)
			BackupInstance (0ms)
			ReleaseScriptingObjects (0ms)
			CreateAndSetChildDomain (48ms)
		EndReloadAssembly (6159ms)
			LoadAssemblies (1448ms)
			RebuildTransferFunctionScriptingTraits (0ms)
			SetupTypeCache (1190ms)
			ReleaseScriptCaches (1ms)
			RebuildScriptCaches (303ms)
			SetupLoadedEditorAssemblies (2846ms)
				LogAssemblyErrors (0ms)
				InitializePlatformSupportModulesInManaged (9ms)
				SetLoadedEditorAssemblies (0ms)
				RefreshPlugins (213ms)
				BeforeProcessingInitializeOnLoad (401ms)
				ProcessInitializeOnLoadAttributes (2141ms)
				ProcessInitializeOnLoadMethodAttributes (77ms)
				AfterProcessingInitializeOnLoad (4ms)
				EditorAssembliesLoaded (1ms)
			ExecutionOrderSort2 (0ms)
			AwakeInstancesAfterBackupRestoration (17ms)
Platform modules already initialized, skipping
========================================================================
Worker process is ready to serve import requests
Launched and connected shader compiler UnityShaderCompiler.exe after 0.34 seconds
Refreshing native plugins compatible for Editor in 0.99 ms, found 2 plugins.
Preloading 0 native plugins for Editor in 0.00 ms.
Unloading 3751 Unused Serialized files (Serialized files now loaded: 0)
System memory in use before: 139.9 MB.
System memory in use after: 140.1 MB.

Unloading 24 unused Assets to reduce memory usage. Loaded Objects now: 4184.
Total: 40.389500 ms (FindLiveObjects: 0.721400 ms CreateObjectMapping: 0.436300 ms MarkObjects: 39.003100 ms  DeleteObjects: 0.225300 ms)

AssetImportParameters requested are different than current active one (requested -> active):
  custom:framework-win-MediaFoundation: 216162199b28c13a410421893ffa2e32 -> 
  custom:video-decoder-ogg-theora: a1e56fd34408186e4bbccfd4996cb3dc -> 
  custom:container-muxer-webm: aa71ff27fc2769a1b78a27578f13a17b -> 
  custom:container-demuxer-webm: 4f35f7cbe854078d1ac9338744f61a02 -> 
  custom:container-demuxer-ogg: 62fdf1f143b41e24485cea50d1cbac27 -> 
  custom:video-encoder-webm-vp8: eb34c28f22e8b96e1ab97ce403110664 -> 
  custom:video-codec-MediaFoundation-h265: 746d11721c4dcdbdad8f713fa42b33f4 -> 
  custom:video-decoder-webm-vp8: 9c59270c3fd7afecdb556c50c9e8de78 -> 
  custom:audio-decoder-ogg-vorbis: bf7c407c2cedff20999df2af8eb42d56 -> 
  custom:audio-encoder-webm-vorbis: bf7c407c2cedff20999df2af8eb42d56 -> 
========================================================================
Received Import Request.
  path: Assets/Album.cs
  artifactKey: Guid(62332ff6eaa05174db207785114930cb) Importer(815301076,1909f56bfc062723c751e8b465ee728b)
Start importing Assets/Album.cs using Guid(62332ff6eaa05174db207785114930cb) Importer(815301076,1909f56bfc062723c751e8b465ee728b)  -> (artifact id: '92505df212b18810adefa120775779f3') in 0.163794 seconds 
  Import took 0.180267 seconds .

========================================================================
Received Import Request.
  Time since last request: 0.000781 seconds.
  path: Assets/Album2.mat
  artifactKey: Guid(4b6cc76a68e38ca49bb939db35c88069) Importer(815301076,1909f56bfc062723c751e8b465ee728b)
Start importing Assets/Album2.mat using Guid(4b6cc76a68e38ca49bb939db35c88069) Importer(815301076,1909f56bfc062723c751e8b465ee728b)  -> (artifact id: '1f6b4e6b6b56aabe3a75010995216430') in 1.682571 seconds 
  Import took 1.701389 seconds .

========================================================================
Received Import Request.
  Time since last request: 0.000704 seconds.
  path: Assets/AudioFilterPanel.prefab
  artifactKey: Guid(5543d62c9a0393b499b435807e4af777) Importer(815301076,1909f56bfc062723c751e8b465ee728b)
Start importing Assets/AudioFilterPanel.prefab using Guid(5543d62c9a0393b499b435807e4af777) Importer(815301076,1909f56bfc062723c751e8b465ee728b)  -> (artifact id: '35d4469f142ff085896bd5f204db9224') in 0.278494 seconds 
  Import took 0.297936 seconds .

========================================================================
Received Import Request.
  Time since last request: 0.000713 seconds.
  path: Assets/Song.cs
  artifactKey: Guid(7ee13b3bf9880e64fb7d749c3867c698) Importer(815301076,1909f56bfc062723c751e8b465ee728b)
Start importing Assets/Song.cs using Guid(7ee13b3bf9880e64fb7d749c3867c698) Importer(815301076,1909f56bfc062723c751e8b465ee728b)  -> (artifact id: '9e861cd30a1aebc7ac6992cfb8dcb6e5') in 0.012641 seconds 
  Import took 0.031628 seconds .

========================================================================
Received Import Request.
  Time since last request: 0.000720 seconds.
  path: Assets/Canvas Audio Settings.prefab
  artifactKey: Guid(a2d01c181c1783a4596c55a4eb9ea2de) Importer(815301076,1909f56bfc062723c751e8b465ee728b)
Start importing Assets/Canvas Audio Settings.prefab using Guid(a2d01c181c1783a4596c55a4eb9ea2de) Importer(815301076,1909f56bfc062723c751e8b465ee728b)  -> (artifact id: 'e340d93453bdd2d4869de4a72d309f13') in 0.074156 seconds 
  Import took 0.094158 seconds .

========================================================================
Received Import Request.
  Time since last request: 0.000804 seconds.
  path: Assets/MainMenuCanvas.prefab
  artifactKey: Guid(5a42a82f0629de940bc9a4a8194a12a0) Importer(815301076,1909f56bfc062723c751e8b465ee728b)
Start importing Assets/MainMenuCanvas.prefab using Guid(5a42a82f0629de940bc9a4a8194a12a0) Importer(815301076,1909f56bfc062723c751e8b465ee728b)  -> (artifact id: 'f070f96e067bbb56ae068c480d171333') in 0.583482 seconds 
  Import took 0.602779 seconds .

========================================================================
Received Import Request.
  Time since last request: 0.030515 seconds.
  path: Assets/Album1.mat
  artifactKey: Guid(c8c8c64cc1985244e9b54a0aa6976cea) Importer(815301076,1909f56bfc062723c751e8b465ee728b)
Start importing Assets/Album1.mat using Guid(c8c8c64cc1985244e9b54a0aa6976cea) Importer(815301076,1909f56bfc062723c751e8b465ee728b)  -> (artifact id: 'ec7fe98d243b3fe48d8b8975bf806dff') in 0.704932 seconds 
  Import took 0.726992 seconds .

========================================================================
Received Import Request.
  Time since last request: 0.000714 seconds.
  path: Assets/SongElementUI.prefab
  artifactKey: Guid(27c702de021ea5049937205b0bafded6) Importer(815301076,1909f56bfc062723c751e8b465ee728b)
Start importing Assets/SongElementUI.prefab using Guid(27c702de021ea5049937205b0bafded6) Importer(815301076,1909f56bfc062723c751e8b465ee728b)  -> (artifact id: '230d411c5f5c4193d8a7387e2b06b7a0') in 0.141851 seconds 
  Import took 0.163806 seconds .

========================================================================
Received Import Request.
  Time since last request: 0.001495 seconds.
  path: Assets/AudioSourcePanel.prefab
  artifactKey: Guid(ca62cb78e77af6e478454c4ad636dfc2) Importer(815301076,1909f56bfc062723c751e8b465ee728b)
Start importing Assets/AudioSourcePanel.prefab using Guid(ca62cb78e77af6e478454c4ad636dfc2) Importer(815301076,1909f56bfc062723c751e8b465ee728b)  -> (artifact id: '85d817ee6b7e5e96a64ddf0ef84312c3') in 0.111748 seconds 
  Import took 0.131542 seconds .

========================================================================
Received Import Request.
  Time since last request: 0.000404 seconds.
  path: Assets/Canvas Audio w Playlist.prefab
  artifactKey: Guid(1b48f4f165bee21409eddbe6ff510104) Importer(815301076,1909f56bfc062723c751e8b465ee728b)
Start importing Assets/Canvas Audio w Playlist.prefab using Guid(1b48f4f165bee21409eddbe6ff510104) Importer(815301076,1909f56bfc062723c751e8b465ee728b)  -> (artifact id: '4a5fb0a19bf5079dd0ccbb958ccc6d40') in 0.410854 seconds 
  Import took 0.429624 seconds .

========================================================================
Received Import Request.
  Time since last request: 0.000407 seconds.
  path: Assets/SongElementLibaryUI.prefab
  artifactKey: Guid(7ea0fafd2c3056d4ba5f62d23ba72dfd) Importer(815301076,1909f56bfc062723c751e8b465ee728b)
Start importing Assets/SongElementLibaryUI.prefab using Guid(7ea0fafd2c3056d4ba5f62d23ba72dfd) Importer(815301076,1909f56bfc062723c751e8b465ee728b)  -> (artifact id: '7a44beff5f62f39cfb08571f12bcd462') in 0.050091 seconds 
  Import took 0.068784 seconds .

========================================================================
Received Import Request.
  Time since last request: 44.822400 seconds.
  path: Assets/PlayList.cs
  artifactKey: Guid(26106f2335b522141b590acc442a8557) Importer(815301076,1909f56bfc062723c751e8b465ee728b)
Start importing Assets/PlayList.cs using Guid(26106f2335b522141b590acc442a8557) Importer(815301076,1909f56bfc062723c751e8b465ee728b)  -> (artifact id: '55f4f9761b4916ebb1a4b2eecc55242e') in 0.006673 seconds 
  Import took 0.024551 seconds .

========================================================================
Received Prepare
Registering precompiled user dll's ...
Registered in 0.068365 seconds.
Begin MonoManager ReloadAssembly
Native extension for WindowsStandalone target not found
Refreshing native plugins compatible for Editor in 0.78 ms, found 2 plugins.
Preloading 0 native plugins for Editor in 0.00 ms.
Mono: successfully reloaded assembly
- Completed reload, in  1.625 seconds
Domain Reload Profiling:
	ReloadAssembly (1626ms)
		BeginReloadAssembly (199ms)
			ExecutionOrderSort (0ms)
			DisableScriptedObjects (10ms)
			BackupInstance (0ms)
			ReleaseScriptingObjects (0ms)
			CreateAndSetChildDomain (72ms)
		EndReloadAssembly (1369ms)
			LoadAssemblies (125ms)
			RebuildTransferFunctionScriptingTraits (0ms)
			SetupTypeCache (388ms)
			ReleaseScriptCaches (3ms)
			RebuildScriptCaches (90ms)
			SetupLoadedEditorAssemblies (578ms)
				LogAssemblyErrors (0ms)
				InitializePlatformSupportModulesInManaged (4ms)
				SetLoadedEditorAssemblies (1ms)
				RefreshPlugins (1ms)
				BeforeProcessingInitializeOnLoad (172ms)
				ProcessInitializeOnLoadAttributes (385ms)
				ProcessInitializeOnLoadMethodAttributes (12ms)
				AfterProcessingInitializeOnLoad (2ms)
				EditorAssembliesLoaded (2ms)
			ExecutionOrderSort2 (0ms)
			AwakeInstancesAfterBackupRestoration (7ms)
Platform modules already initialized, skipping
Refreshing native plugins compatible for Editor in 1.36 ms, found 2 plugins.
Preloading 0 native plugins for Editor in 0.00 ms.
Unloading 3713 Unused Serialized files (Serialized files now loaded: 0)
System memory in use before: 141.1 MB.
System memory in use after: 141.4 MB.

Unloading 23 unused Assets to reduce memory usage. Loaded Objects now: 4229.
Total: 7.896900 ms (FindLiveObjects: 0.645800 ms CreateObjectMapping: 0.352600 ms MarkObjects: 6.744900 ms  DeleteObjects: 0.151300 ms)

AssetImportParameters requested are different than current active one (requested -> active):
  custom:framework-win-MediaFoundation: 216162199b28c13a410421893ffa2e32 -> 
  custom:video-decoder-ogg-theora: a1e56fd34408186e4bbccfd4996cb3dc -> 
  custom:container-muxer-webm: aa71ff27fc2769a1b78a27578f13a17b -> 
  custom:container-demuxer-webm: 4f35f7cbe854078d1ac9338744f61a02 -> 
  custom:container-demuxer-ogg: 62fdf1f143b41e24485cea50d1cbac27 -> 
  custom:video-encoder-webm-vp8: eb34c28f22e8b96e1ab97ce403110664 -> 
  custom:video-codec-MediaFoundation-h265: 746d11721c4dcdbdad8f713fa42b33f4 -> 
  custom:video-decoder-webm-vp8: 9c59270c3fd7afecdb556c50c9e8de78 -> 
  custom:audio-decoder-ogg-vorbis: bf7c407c2cedff20999df2af8eb42d56 -> 
  custom:audio-encoder-webm-vorbis: bf7c407c2cedff20999df2af8eb42d56 -> 
========================================================================
Received Import Request.
  Time since last request: 115.449943 seconds.
  path: Assets/AudioFilterPanel.prefab
  artifactKey: Guid(5543d62c9a0393b499b435807e4af777) Importer(815301076,1909f56bfc062723c751e8b465ee728b)
Start importing Assets/AudioFilterPanel.prefab using Guid(5543d62c9a0393b499b435807e4af777) Importer(815301076,1909f56bfc062723c751e8b465ee728b)  -> (artifact id: '7bc1f702fba8c3b835e49857eef38f1d') in 0.226369 seconds 
  Import took 0.240894 seconds .

========================================================================
Received Import Request.
  Time since last request: 0.000445 seconds.
  path: Assets/Canvas Audio Settings.prefab
  artifactKey: Guid(a2d01c181c1783a4596c55a4eb9ea2de) Importer(815301076,1909f56bfc062723c751e8b465ee728b)
Start importing Assets/Canvas Audio Settings.prefab using Guid(a2d01c181c1783a4596c55a4eb9ea2de) Importer(815301076,1909f56bfc062723c751e8b465ee728b)  -> (artifact id: 'b1f476af17647164a1489ef2d4deb91a') in 0.024207 seconds 
  Import took 0.036567 seconds .

========================================================================
Received Import Request.
  Time since last request: 0.000444 seconds.
  path: Assets/MainMenuCanvas.prefab
  artifactKey: Guid(5a42a82f0629de940bc9a4a8194a12a0) Importer(815301076,1909f56bfc062723c751e8b465ee728b)
Start importing Assets/MainMenuCanvas.prefab using Guid(5a42a82f0629de940bc9a4a8194a12a0) Importer(815301076,1909f56bfc062723c751e8b465ee728b)  -> (artifact id: '0234280c0de9e8c029923f0d81a40155') in 0.048688 seconds 
  Import took 0.063040 seconds .

========================================================================
Received Import Request.
  Time since last request: 0.000634 seconds.
  path: Assets/SongElementUI.prefab
  artifactKey: Guid(27c702de021ea5049937205b0bafded6) Importer(815301076,1909f56bfc062723c751e8b465ee728b)
Start importing Assets/SongElementUI.prefab using Guid(27c702de021ea5049937205b0bafded6) Importer(815301076,1909f56bfc062723c751e8b465ee728b)  -> (artifact id: 'c32ecc95a413cf0e508a1d51032c52ab') in 0.062392 seconds 
  Import took 0.079294 seconds .

========================================================================
Received Import Request.
  Time since last request: 0.000811 seconds.
  path: Assets/AudioSourcePanel.prefab
  artifactKey: Guid(ca62cb78e77af6e478454c4ad636dfc2) Importer(815301076,1909f56bfc062723c751e8b465ee728b)
Start importing Assets/AudioSourcePanel.prefab using Guid(ca62cb78e77af6e478454c4ad636dfc2) Importer(815301076,1909f56bfc062723c751e8b465ee728b)  -> (artifact id: 'd019f12e85bcb2de7802c0209d700cc3') in 0.021504 seconds 
  Import took 0.038419 seconds .

========================================================================
Received Import Request.
  Time since last request: 0.000591 seconds.
  path: Assets/Canvas Audio w Playlist.prefab
  artifactKey: Guid(1b48f4f165bee21409eddbe6ff510104) Importer(815301076,1909f56bfc062723c751e8b465ee728b)
Start importing Assets/Canvas Audio w Playlist.prefab using Guid(1b48f4f165bee21409eddbe6ff510104) Importer(815301076,1909f56bfc062723c751e8b465ee728b)  -> (artifact id: '336678d32cf0d04d1ba9ff9260e59806') in 0.064630 seconds 
  Import took 0.082053 seconds .

========================================================================
Received Import Request.
  Time since last request: 0.000597 seconds.
  path: Assets/SongElementLibaryUI.prefab
  artifactKey: Guid(7ea0fafd2c3056d4ba5f62d23ba72dfd) Importer(815301076,1909f56bfc062723c751e8b465ee728b)
Start importing Assets/SongElementLibaryUI.prefab using Guid(7ea0fafd2c3056d4ba5f62d23ba72dfd) Importer(815301076,1909f56bfc062723c751e8b465ee728b)  -> (artifact id: 'e5c4e11b0245328a8f63251039b9a0e8') in 0.015428 seconds 
  Import took 0.031941 seconds .

========================================================================
Received Import Request.
  Time since last request: 3.118211 seconds.
  path: Assets/Scenes/SongSpotNonAR.unity
  artifactKey: Guid(8134eb05979d50548ace3dace7048077) Importer(815301076,1909f56bfc062723c751e8b465ee728b)
Start importing Assets/Scenes/SongSpotNonAR.unity using Guid(8134eb05979d50548ace3dace7048077) Importer(815301076,1909f56bfc062723c751e8b465ee728b)  -> (artifact id: 'be17fe68a7db98d67d8c6066300f9645') in 0.008698 seconds 
  Import took 0.022768 seconds .

AssetImportWorkerClient::OnTransportError - code=2 error=End of file
