Using pre-set license

 COMMAND LINE ARGUMENTS:
/Applications/Unity/Unity.app/Contents/MacOS/Unity
-adb2
-batchMode
-noUpm
-name
AssetImportWorker0
-projectPath
/Users/mikeparson/Desktop/New-Song-Spot/SongSpot
-logFile
Logs/AssetImportWorker0.log
-srvPort
54402
Successfully changed project path to: /Users/mikeparson/Desktop/New-Song-Spot/SongSpot
/Users/mikeparson/Desktop/New-Song-Spot/SongSpot
Using Asset Import Pipeline V2.
Refreshing native plugins compatible for Editor in 177.68 ms, found 2 plugins.
Preloading 0 native plugins for Editor in 0.00 ms.
Initialize engine version: 2020.3.10f1 (297d780c91bc)
[Subsystems] Discovering subsystems at path /Applications/Unity/Unity.app/Contents/Resources/UnitySubsystems
[Subsystems] Discovering subsystems at path /Users/mikeparson/Desktop/New-Song-Spot/SongSpot/Assets
GfxDevice: creating device client; threaded=0
2021-12-14 05:15:17.359 Unity[65867:2722599] Color LCD preferred device: Intel(R) Iris(TM) Graphics 6000 (low power)
2021-12-14 05:15:17.359 Unity[65867:2722599] Metal devices available: 1
2021-12-14 05:15:17.359 Unity[65867:2722599] 0: Intel(R) Iris(TM) Graphics 6000 (low power)
2021-12-14 05:15:17.364 Unity[65867:2722599] Using device Intel(R) Iris(TM) Graphics 6000 (low power)
Initializing Metal device caps: Intel(R) Iris(TM) Graphics 6000
Initialize mono
Mono path[0] = '/Applications/Unity/Unity.app/Contents/Managed'
Mono path[1] = '/Applications/Unity/Unity.app/Contents/MonoBleedingEdge/lib/mono/unityjit'
Mono config path = '/Applications/Unity/Unity.app/Contents/MonoBleedingEdge/etc'
Using monoOptions --debugger-agent=transport=dt_socket,embedding=1,server=y,suspend=n,address=127.0.0.1:56867
Begin MonoManager ReloadAssembly
Registering precompiled unity dll's ...
Register platform support module: /Applications/Unity/Unity.app/Contents/PlaybackEngines/MacStandaloneSupport/UnityEditor.OSXStandalone.Extensions.dll
Register platform support module: /Applications/Unity/PlaybackEngines/WindowsStandaloneSupport/UnityEditor.WindowsStandalone.Extensions.dll
Registered in 0.011478 seconds.
Native extension for WindowsStandalone target not found
Native extension for OSXStandalone target not found
Refreshing native plugins compatible for Editor in 99.88 ms, found 2 plugins.
Preloading 0 native plugins for Editor in 0.00 ms.
Mono: successfully reloaded assembly
- Completed reload, in  3.089 seconds
Platform modules already initialized, skipping
Registering precompiled user dll's ...
Registered in 0.026518 seconds.
Begin MonoManager ReloadAssembly
Native extension for WindowsStandalone target not found
Native extension for OSXStandalone target not found
Refreshing native plugins compatible for Editor in 126.68 ms, found 2 plugins.
Preloading 0 native plugins for Editor in 0.00 ms.
Mono: successfully reloaded assembly
- Completed reload, in  2.757 seconds
Platform modules already initialized, skipping
========================================================================
Worker process is ready to serve import requests
Launching external process: /Applications/Unity/Unity.app/Contents/Tools/UnityShaderCompiler
Launched and connected shader compiler UnityShaderCompiler after 0.12 seconds
Refreshing native plugins compatible for Editor in 1.48 ms, found 2 plugins.
Preloading 0 native plugins for Editor in 0.00 ms.
Unloading 3752 Unused Serialized files (Serialized files now loaded: 0)
System memory in use before: 227.8 MB.
System memory in use after: 228.0 MB.

Unloading 24 unused Assets to reduce memory usage. Loaded Objects now: 4188.
Total: 4.847175 ms (FindLiveObjects: 0.647178 ms CreateObjectMapping: 0.255630 ms MarkObjects: 3.813487 ms  DeleteObjects: 0.129477 ms)

========================================================================
Received Import Request.
  path: Assets/Scripts/ON_Tools/offsetUV.cs
  artifactKey: Guid(e0946c7913296ad479b7800f15dea2f0) Importer(815301076,1909f56bfc062723c751e8b465ee728b)
Start importing Assets/Scripts/ON_Tools/offsetUV.cs using Guid(e0946c7913296ad479b7800f15dea2f0) Importer(815301076,1909f56bfc062723c751e8b465ee728b)  -> (artifact id: '69ae14160ffe5c014a2ea143672e8e0e') in 0.780702 seconds
  Import took 0.792343 seconds .

========================================================================
Received Import Request.
  Time since last request: 0.000377 seconds.
  path: Assets/Scripts/ON_Tools/ON_Trigger_OffsetTexture.cs
  artifactKey: Guid(ffb4f754b07d7b14a96556a92f87eb4a) Importer(815301076,1909f56bfc062723c751e8b465ee728b)
Start importing Assets/Scripts/ON_Tools/ON_Trigger_OffsetTexture.cs using Guid(ffb4f754b07d7b14a96556a92f87eb4a) Importer(815301076,1909f56bfc062723c751e8b465ee728b)  -> (artifact id: '40283385eeb82c1367313ba8f412c132') in 0.003962 seconds
  Import took 0.019176 seconds .

========================================================================
Received Import Request.
  Time since last request: 0.000301 seconds.
  path: Assets/Scripts/ON_Trigger_SelectEntered.cs
  artifactKey: Guid(04acdddc6166f7349b62b0f346329123) Importer(815301076,1909f56bfc062723c751e8b465ee728b)
Start importing Assets/Scripts/ON_Trigger_SelectEntered.cs using Guid(04acdddc6166f7349b62b0f346329123) Importer(815301076,1909f56bfc062723c751e8b465ee728b)  -> (artifact id: '3d7124d4fc8c693f82a362730aa60011') in 0.007270 seconds
  Import took 0.026843 seconds .

========================================================================
Received Import Request.
  Time since last request: 0.000269 seconds.
  path: Assets/Scripts/ON_Tools
  artifactKey: Guid(58826f993e364054ca5a43833c0a54f1) Importer(815301076,1909f56bfc062723c751e8b465ee728b)
Start importing Assets/Scripts/ON_Tools using Guid(58826f993e364054ca5a43833c0a54f1) Importer(815301076,1909f56bfc062723c751e8b465ee728b)  -> (artifact id: 'a7b9714ecf2a288bf48bf68321091286') in 0.007256 seconds
  Import took 0.022573 seconds .

========================================================================
Received Import Request.
  Time since last request: 0.000377 seconds.
  path: Assets/Scripts/ON_Tools/ON_Trigger_Emit.cs
  artifactKey: Guid(cdc64a60f1184264798d39b7a0100455) Importer(815301076,1909f56bfc062723c751e8b465ee728b)
Start importing Assets/Scripts/ON_Tools/ON_Trigger_Emit.cs using Guid(cdc64a60f1184264798d39b7a0100455) Importer(815301076,1909f56bfc062723c751e8b465ee728b)  -> (artifact id: '3fa969eebdeb83fc6ead16d8d6822245') in 0.004000 seconds
  Import took 0.020942 seconds .

========================================================================
Received Import Request.
  Time since last request: 0.000310 seconds.
  path: Assets/Scripts/ON_Tools/ON_Trigger_Move.cs
  artifactKey: Guid(5fd31e784cd2f624b99f26816a715325) Importer(815301076,1909f56bfc062723c751e8b465ee728b)
Start importing Assets/Scripts/ON_Tools/ON_Trigger_Move.cs using Guid(5fd31e784cd2f624b99f26816a715325) Importer(815301076,1909f56bfc062723c751e8b465ee728b)  -> (artifact id: '96662b2299efe63e0caea29cc1001912') in 0.006518 seconds
  Import took 0.025659 seconds .

========================================================================
Received Import Request.
  Time since last request: 0.000351 seconds.
  path: Assets/Scripts/ON_Tools/ON_InteractableEvents.cs
  artifactKey: Guid(87a3175187d611f49a9989d6ebe751f2) Importer(815301076,1909f56bfc062723c751e8b465ee728b)
Start importing Assets/Scripts/ON_Tools/ON_InteractableEvents.cs using Guid(87a3175187d611f49a9989d6ebe751f2) Importer(815301076,1909f56bfc062723c751e8b465ee728b)  -> (artifact id: 'f19b9803b0c1357d3529e26e1eddfeb0') in 0.006755 seconds
  Import took 0.024320 seconds .

========================================================================
Received Import Request.
  Time since last request: 0.000323 seconds.
  path: Assets/Scripts/ON_Tools/ON_TriggerEvents.cs
  artifactKey: Guid(76f266aae13af3e49b1850e6d29cd2b5) Importer(815301076,1909f56bfc062723c751e8b465ee728b)
Start importing Assets/Scripts/ON_Tools/ON_TriggerEvents.cs using Guid(76f266aae13af3e49b1850e6d29cd2b5) Importer(815301076,1909f56bfc062723c751e8b465ee728b)  -> (artifact id: 'f60da8985c6234eacc844d64a45f408d') in 0.004342 seconds
  Import took 0.022810 seconds .

========================================================================
Received Import Request.
  Time since last request: 0.000456 seconds.
  path: Assets/Scripts/ON_Trigger_SelectExited.cs
  artifactKey: Guid(ca8961614b12484469edbc720eee3000) Importer(815301076,1909f56bfc062723c751e8b465ee728b)
Start importing Assets/Scripts/ON_Trigger_SelectExited.cs using Guid(ca8961614b12484469edbc720eee3000) Importer(815301076,1909f56bfc062723c751e8b465ee728b)  -> (artifact id: '0b2f154a8a18595819b7c3ede7440838') in 0.005994 seconds
  Import took 0.017293 seconds .

========================================================================
Received Import Request.
  Time since last request: 0.000291 seconds.
  path: Assets/Scripts/ON_Tools/ON_Trigger_Example.cs
  artifactKey: Guid(edbdd415359b4fc4c8c7647e701eb511) Importer(815301076,1909f56bfc062723c751e8b465ee728b)
Start importing Assets/Scripts/ON_Tools/ON_Trigger_Example.cs using Guid(edbdd415359b4fc4c8c7647e701eb511) Importer(815301076,1909f56bfc062723c751e8b465ee728b)  -> (artifact id: 'd0da7c48f8ad0cb8938a274c7f9d2d33') in 0.004766 seconds
  Import took 0.022351 seconds .

========================================================================
Received Import Request.
  Time since last request: 135.644256 seconds.
  path: Assets/Scripts/ObjectClickerScript.cs
  artifactKey: Guid(73292ee140492409ab6af9fb232c2c77) Importer(815301076,1909f56bfc062723c751e8b465ee728b)
Start importing Assets/Scripts/ObjectClickerScript.cs using Guid(73292ee140492409ab6af9fb232c2c77) Importer(815301076,1909f56bfc062723c751e8b465ee728b)  -> (artifact id: 'fcababc6330498910e90aa55ce9bbd6e') in 0.007399 seconds
  Import took 0.020545 seconds .

========================================================================
Received Prepare
Registering precompiled user dll's ...
Registered in 0.029664 seconds.
Begin MonoManager ReloadAssembly
Native extension for WindowsStandalone target not found
Native extension for OSXStandalone target not found
Refreshing native plugins compatible for Editor in 1.19 ms, found 2 plugins.
Preloading 0 native plugins for Editor in 0.00 ms.
Mono: successfully reloaded assembly
- Completed reload, in  4.343 seconds
Platform modules already initialized, skipping
Refreshing native plugins compatible for Editor in 1.56 ms, found 2 plugins.
Preloading 0 native plugins for Editor in 0.00 ms.
Unloading 3715 Unused Serialized files (Serialized files now loaded: 0)
System memory in use before: 229.8 MB.
System memory in use after: 230.0 MB.

Unloading 17 unused Assets to reduce memory usage. Loaded Objects now: 4192.
Total: 8.264096 ms (FindLiveObjects: 1.346962 ms CreateObjectMapping: 0.543916 ms MarkObjects: 6.246845 ms  DeleteObjects: 0.123763 ms)

========================================================================
Received Prepare
Registering precompiled user dll's ...
Registered in 0.015984 seconds.
Begin MonoManager ReloadAssembly
Native extension for WindowsStandalone target not found
Native extension for OSXStandalone target not found
Refreshing native plugins compatible for Editor in 1.55 ms, found 2 plugins.
Preloading 0 native plugins for Editor in 0.00 ms.
Mono: successfully reloaded assembly
- Completed reload, in  2.278 seconds
Platform modules already initialized, skipping
Refreshing native plugins compatible for Editor in 2.00 ms, found 2 plugins.
Preloading 0 native plugins for Editor in 0.00 ms.
Unloading 3715 Unused Serialized files (Serialized files now loaded: 0)
System memory in use before: 230.0 MB.
System memory in use after: 230.3 MB.

Unloading 17 unused Assets to reduce memory usage. Loaded Objects now: 4195.
Total: 6.561701 ms (FindLiveObjects: 0.894782 ms CreateObjectMapping: 0.367514 ms MarkObjects: 5.234389 ms  DeleteObjects: 0.062397 ms)

========================================================================
Received Prepare
Registering precompiled user dll's ...
Registered in 0.017224 seconds.
Begin MonoManager ReloadAssembly
Native extension for WindowsStandalone target not found
Native extension for OSXStandalone target not found
Refreshing native plugins compatible for Editor in 0.96 ms, found 2 plugins.
Preloading 0 native plugins for Editor in 0.00 ms.
Mono: successfully reloaded assembly
- Completed reload, in  2.512 seconds
Platform modules already initialized, skipping
Refreshing native plugins compatible for Editor in 1.01 ms, found 2 plugins.
Preloading 0 native plugins for Editor in 0.00 ms.
Unloading 3715 Unused Serialized files (Serialized files now loaded: 0)
System memory in use before: 230.3 MB.
System memory in use after: 230.5 MB.

Unloading 17 unused Assets to reduce memory usage. Loaded Objects now: 4198.
Total: 7.227325 ms (FindLiveObjects: 1.513009 ms CreateObjectMapping: 0.518509 ms MarkObjects: 5.134851 ms  DeleteObjects: 0.057543 ms)

========================================================================
Received Prepare
Registering precompiled user dll's ...
Registered in 0.016677 seconds.
Begin MonoManager ReloadAssembly
Native extension for WindowsStandalone target not found
Native extension for OSXStandalone target not found
Refreshing native plugins compatible for Editor in 0.87 ms, found 2 plugins.
Preloading 0 native plugins for Editor in 0.00 ms.
Mono: successfully reloaded assembly
- Completed reload, in  2.222 seconds
Platform modules already initialized, skipping
Refreshing native plugins compatible for Editor in 1.51 ms, found 2 plugins.
Preloading 0 native plugins for Editor in 0.00 ms.
Unloading 3715 Unused Serialized files (Serialized files now loaded: 0)
System memory in use before: 230.5 MB.
System memory in use after: 230.7 MB.

Unloading 17 unused Assets to reduce memory usage. Loaded Objects now: 4201.
Total: 3.886110 ms (FindLiveObjects: 0.458128 ms CreateObjectMapping: 0.191725 ms MarkObjects: 3.177540 ms  DeleteObjects: 0.057386 ms)

========================================================================
Received Prepare
Registering precompiled user dll's ...
Registered in 0.013828 seconds.
Begin MonoManager ReloadAssembly
Native extension for WindowsStandalone target not found
Native extension for OSXStandalone target not found
Refreshing native plugins compatible for Editor in 0.95 ms, found 2 plugins.
Preloading 0 native plugins for Editor in 0.00 ms.
Mono: successfully reloaded assembly
- Completed reload, in  2.263 seconds
Platform modules already initialized, skipping
Refreshing native plugins compatible for Editor in 1.52 ms, found 2 plugins.
Preloading 0 native plugins for Editor in 0.00 ms.
Unloading 3715 Unused Serialized files (Serialized files now loaded: 0)
System memory in use before: 230.7 MB.
System memory in use after: 231.0 MB.

Unloading 17 unused Assets to reduce memory usage. Loaded Objects now: 4204.
Total: 4.385519 ms (FindLiveObjects: 0.602174 ms CreateObjectMapping: 0.394009 ms MarkObjects: 3.328678 ms  DeleteObjects: 0.059243 ms)

========================================================================
Received Prepare
Registering precompiled user dll's ...
Registered in 0.016063 seconds.
Begin MonoManager ReloadAssembly
Native extension for WindowsStandalone target not found
Native extension for OSXStandalone target not found
Refreshing native plugins compatible for Editor in 1.21 ms, found 2 plugins.
Preloading 0 native plugins for Editor in 0.00 ms.
Mono: successfully reloaded assembly
- Completed reload, in  2.451 seconds
Platform modules already initialized, skipping
Refreshing native plugins compatible for Editor in 0.92 ms, found 2 plugins.
Preloading 0 native plugins for Editor in 0.00 ms.
Unloading 3715 Unused Serialized files (Serialized files now loaded: 0)
System memory in use before: 231.0 MB.
System memory in use after: 231.2 MB.

Unloading 17 unused Assets to reduce memory usage. Loaded Objects now: 4207.
Total: 5.345389 ms (FindLiveObjects: 0.627996 ms CreateObjectMapping: 0.394412 ms MarkObjects: 4.128477 ms  DeleteObjects: 0.192448 ms)

========================================================================
Received Prepare
Registering precompiled user dll's ...
Registered in 0.011887 seconds.
Begin MonoManager ReloadAssembly
Native extension for WindowsStandalone target not found
Native extension for OSXStandalone target not found
Refreshing native plugins compatible for Editor in 1.37 ms, found 2 plugins.
Preloading 0 native plugins for Editor in 0.00 ms.
Mono: successfully reloaded assembly
- Completed reload, in  2.529 seconds
Platform modules already initialized, skipping
Refreshing native plugins compatible for Editor in 1.85 ms, found 2 plugins.
Preloading 0 native plugins for Editor in 0.00 ms.
Unloading 3715 Unused Serialized files (Serialized files now loaded: 0)
System memory in use before: 231.2 MB.
System memory in use after: 231.4 MB.

Unloading 17 unused Assets to reduce memory usage. Loaded Objects now: 4210.
Total: 8.770341 ms (FindLiveObjects: 1.208921 ms CreateObjectMapping: 0.557324 ms MarkObjects: 6.917117 ms  DeleteObjects: 0.084888 ms)

========================================================================
Received Prepare
Registering precompiled user dll's ...
Registered in 0.012238 seconds.
Begin MonoManager ReloadAssembly
Native extension for WindowsStandalone target not found
Native extension for OSXStandalone target not found
Refreshing native plugins compatible for Editor in 0.99 ms, found 2 plugins.
Preloading 0 native plugins for Editor in 0.00 ms.
Mono: successfully reloaded assembly
- Completed reload, in  2.607 seconds
Platform modules already initialized, skipping
Refreshing native plugins compatible for Editor in 1.46 ms, found 2 plugins.
Preloading 0 native plugins for Editor in 0.00 ms.
Unloading 3715 Unused Serialized files (Serialized files now loaded: 0)
System memory in use before: 231.4 MB.
System memory in use after: 231.6 MB.

Unloading 17 unused Assets to reduce memory usage. Loaded Objects now: 4213.
Total: 5.198378 ms (FindLiveObjects: 0.575435 ms CreateObjectMapping: 0.527676 ms MarkObjects: 4.017584 ms  DeleteObjects: 0.075709 ms)

========================================================================
Received Prepare
Registering precompiled user dll's ...
Registered in 0.011913 seconds.
Begin MonoManager ReloadAssembly
Native extension for WindowsStandalone target not found
Native extension for OSXStandalone target not found
Refreshing native plugins compatible for Editor in 0.92 ms, found 2 plugins.
Preloading 0 native plugins for Editor in 0.00 ms.
Mono: successfully reloaded assembly
- Completed reload, in  2.892 seconds
Platform modules already initialized, skipping
Refreshing native plugins compatible for Editor in 1.25 ms, found 2 plugins.
Preloading 0 native plugins for Editor in 0.00 ms.
Unloading 3715 Unused Serialized files (Serialized files now loaded: 0)
System memory in use before: 231.6 MB.
System memory in use after: 231.8 MB.

Unloading 17 unused Assets to reduce memory usage. Loaded Objects now: 4216.
Total: 4.497143 ms (FindLiveObjects: 0.461015 ms CreateObjectMapping: 0.236277 ms MarkObjects: 3.737550 ms  DeleteObjects: 0.060586 ms)

