Using pre-set license

 COMMAND LINE ARGUMENTS:
/Applications/Unity/Unity.app/Contents/MacOS/Unity
-adb2
-batchMode
-noUpm
-name
AssetImportWorker0
-projectPath
/Users/mikeparson/Desktop/New-Song-Spot/SongSpot
-logFile
Logs/AssetImportWorker0.log
-srvPort
51950
Successfully changed project path to: /Users/mikeparson/Desktop/New-Song-Spot/SongSpot
/Users/mikeparson/Desktop/New-Song-Spot/SongSpot
Using Asset Import Pipeline V2.
Refreshing native plugins compatible for Editor in 182.22 ms, found 2 plugins.
Preloading 0 native plugins for Editor in 0.00 ms.
Initialize engine version: 2020.3.10f1 (297d780c91bc)
[Subsystems] Discovering subsystems at path /Applications/Unity/Unity.app/Contents/Resources/UnitySubsystems
[Subsystems] Discovering subsystems at path /Users/mikeparson/Desktop/New-Song-Spot/SongSpot/Assets
GfxDevice: creating device client; threaded=0
2021-12-14 02:58:01.086 Unity[64150:2658709] Color LCD preferred device: Intel(R) Iris(TM) Graphics 6000 (low power)
2021-12-14 02:58:01.086 Unity[64150:2658709] Metal devices available: 1
2021-12-14 02:58:01.086 Unity[64150:2658709] 0: Intel(R) Iris(TM) Graphics 6000 (low power)
2021-12-14 02:58:01.087 Unity[64150:2658709] Using device Intel(R) Iris(TM) Graphics 6000 (low power)
Initializing Metal device caps: Intel(R) Iris(TM) Graphics 6000
Initialize mono
Mono path[0] = '/Applications/Unity/Unity.app/Contents/Managed'
Mono path[1] = '/Applications/Unity/Unity.app/Contents/MonoBleedingEdge/lib/mono/unityjit'
Mono config path = '/Applications/Unity/Unity.app/Contents/MonoBleedingEdge/etc'
Using monoOptions --debugger-agent=transport=dt_socket,embedding=1,server=y,suspend=n,address=127.0.0.1:56150
Begin MonoManager ReloadAssembly
Registering precompiled unity dll's ...
Register platform support module: /Applications/Unity/Unity.app/Contents/PlaybackEngines/MacStandaloneSupport/UnityEditor.OSXStandalone.Extensions.dll
Register platform support module: /Applications/Unity/PlaybackEngines/WindowsStandaloneSupport/UnityEditor.WindowsStandalone.Extensions.dll
Registered in 0.001027 seconds.
Native extension for WindowsStandalone target not found
Native extension for OSXStandalone target not found
Refreshing native plugins compatible for Editor in 96.72 ms, found 2 plugins.
Preloading 0 native plugins for Editor in 0.00 ms.
Mono: successfully reloaded assembly
- Completed reload, in  3.461 seconds
Platform modules already initialized, skipping
Registering precompiled user dll's ...
Registered in 0.008629 seconds.
Begin MonoManager ReloadAssembly
Native extension for WindowsStandalone target not found
Native extension for OSXStandalone target not found
Refreshing native plugins compatible for Editor in 98.30 ms, found 2 plugins.
Preloading 0 native plugins for Editor in 0.00 ms.
Mono: successfully reloaded assembly
- Completed reload, in  2.801 seconds
Platform modules already initialized, skipping
========================================================================
Worker process is ready to serve import requests
Launching external process: /Applications/Unity/Unity.app/Contents/Tools/UnityShaderCompiler
Launched and connected shader compiler UnityShaderCompiler after 0.04 seconds
Refreshing native plugins compatible for Editor in 1.28 ms, found 2 plugins.
Preloading 0 native plugins for Editor in 0.00 ms.
Unloading 3752 Unused Serialized files (Serialized files now loaded: 0)
System memory in use before: 227.5 MB.
System memory in use after: 227.7 MB.

Unloading 24 unused Assets to reduce memory usage. Loaded Objects now: 4186.
Total: 4.018748 ms (FindLiveObjects: 0.478990 ms CreateObjectMapping: 0.294728 ms MarkObjects: 3.126169 ms  DeleteObjects: 0.116949 ms)

========================================================================
Received Import Request.
  path: Assets/Materials/Glass 5.mat
  artifactKey: Guid(b940d42cae328bc49b3195524d5582d9) Importer(815301076,1909f56bfc062723c751e8b465ee728b)
Start importing Assets/Materials/Glass 5.mat using Guid(b940d42cae328bc49b3195524d5582d9) Importer(815301076,1909f56bfc062723c751e8b465ee728b)  -> (artifact id: '7849b52041557bcbda8ce89ede767809') in 1.632804 seconds
  Import took 1.645995 seconds .

========================================================================
Received Import Request.
  Time since last request: 0.000382 seconds.
  path: Assets/Materials/LensFlare.mat
  artifactKey: Guid(ec2b05bee2a3df749b44d0535f70168d) Importer(815301076,1909f56bfc062723c751e8b465ee728b)
Start importing Assets/Materials/LensFlare.mat using Guid(ec2b05bee2a3df749b44d0535f70168d) Importer(815301076,1909f56bfc062723c751e8b465ee728b)  -> (artifact id: '71a9430913a80f3f030a6137dd582cba') in 0.133569 seconds
  Import took 0.173154 seconds .

========================================================================
Received Import Request.
  Time since last request: 0.000041 seconds.
  path: Assets/Materials/Glass.mat
  artifactKey: Guid(787bdb4388f5b6a4fa7e8fdd45a08f0f) Importer(815301076,1909f56bfc062723c751e8b465ee728b)
Start importing Assets/Materials/Glass.mat using Guid(787bdb4388f5b6a4fa7e8fdd45a08f0f) Importer(815301076,1909f56bfc062723c751e8b465ee728b)  -> (artifact id: 'f5cfa20c65d6ea7688bdca2d88baeadc') in 0.110881 seconds
  Import took 0.124494 seconds .

========================================================================
Received Import Request.
  Time since last request: 0.000357 seconds.
  path: Assets/Materials/Line 1.mat
  artifactKey: Guid(dcbc4b2117835ea41a91d41f292f0920) Importer(815301076,1909f56bfc062723c751e8b465ee728b)
Start importing Assets/Materials/Line 1.mat using Guid(dcbc4b2117835ea41a91d41f292f0920) Importer(815301076,1909f56bfc062723c751e8b465ee728b)  -> (artifact id: '965d45cbb1bccbda3c62a6062f5a2b9d') in 0.110072 seconds
  Import took 0.125443 seconds .

========================================================================
Received Import Request.
  Time since last request: 0.006548 seconds.
  path: Assets/Materials/LensFlare 1.mat
  artifactKey: Guid(35c8570e23b090c4e864a1a92996ab13) Importer(815301076,1909f56bfc062723c751e8b465ee728b)
Start importing Assets/Materials/LensFlare 1.mat using Guid(35c8570e23b090c4e864a1a92996ab13) Importer(815301076,1909f56bfc062723c751e8b465ee728b)  -> (artifact id: '859d3f7cc4e520886265ef44f50295a7') in 0.012895 seconds
  Import took 0.026328 seconds .

========================================================================
Received Import Request.
  Time since last request: 0.000294 seconds.
  path: Assets/Materials/Boxes 3.mat
  artifactKey: Guid(9bfa80e904549ed4ba4b78d538560278) Importer(815301076,1909f56bfc062723c751e8b465ee728b)
Start importing Assets/Materials/Boxes 3.mat using Guid(9bfa80e904549ed4ba4b78d538560278) Importer(815301076,1909f56bfc062723c751e8b465ee728b)  -> (artifact id: '0b6be50fb9a717efabec88288b763424') in 0.091201 seconds
  Import took 0.105820 seconds .

========================================================================
Received Import Request.
  Time since last request: 0.000925 seconds.
  path: Assets/Materials/Line 5.mat
  artifactKey: Guid(819a2d39e10d2564abfd6b1888e57861) Importer(815301076,1909f56bfc062723c751e8b465ee728b)
Start importing Assets/Materials/Line 5.mat using Guid(819a2d39e10d2564abfd6b1888e57861) Importer(815301076,1909f56bfc062723c751e8b465ee728b)  -> (artifact id: '24e0c0fa07c9896836d89e647fa15441') in 0.663819 seconds
  Import took 0.675905 seconds .

========================================================================
Received Import Request.
  Time since last request: 0.000418 seconds.
  path: Assets/Materials/Line 9.mat
  artifactKey: Guid(ac562afa932157741a001471a13ced62) Importer(815301076,1909f56bfc062723c751e8b465ee728b)
Start importing Assets/Materials/Line 9.mat using Guid(ac562afa932157741a001471a13ced62) Importer(815301076,1909f56bfc062723c751e8b465ee728b)  -> (artifact id: '2cb94dfbbf989e48b0f204558ff0db91') in 0.017832 seconds
  Import took 0.032896 seconds .

========================================================================
Received Import Request.
  Time since last request: 0.000307 seconds.
  path: Assets/Materials/BrightMat.mat
  artifactKey: Guid(9c8f24d67ae6cff41b9693ada1be79f5) Importer(815301076,1909f56bfc062723c751e8b465ee728b)
Start importing Assets/Materials/BrightMat.mat using Guid(9c8f24d67ae6cff41b9693ada1be79f5) Importer(815301076,1909f56bfc062723c751e8b465ee728b)  -> (artifact id: '9a34e52d098d6a33f7d1e4fe625e253e') in 0.023704 seconds
  Import took 0.043829 seconds .

========================================================================
Received Import Request.
  Time since last request: 0.000398 seconds.
  path: Assets/Materials/Line 7.mat
  artifactKey: Guid(953a2b226975437479afe62138fa74ee) Importer(815301076,1909f56bfc062723c751e8b465ee728b)
Start importing Assets/Materials/Line 7.mat using Guid(953a2b226975437479afe62138fa74ee) Importer(815301076,1909f56bfc062723c751e8b465ee728b)  -> (artifact id: '81a7ff470ab08d51cdafdc9ce96cdfdb') in 0.092715 seconds
  Import took 0.113978 seconds .

========================================================================
Received Import Request.
  Time since last request: 0.000389 seconds.
  path: Assets/Materials/Line 3.mat
  artifactKey: Guid(e62f8d9a392a4864989b9f94865d1eb7) Importer(815301076,1909f56bfc062723c751e8b465ee728b)
Start importing Assets/Materials/Line 3.mat using Guid(e62f8d9a392a4864989b9f94865d1eb7) Importer(815301076,1909f56bfc062723c751e8b465ee728b)  -> (artifact id: '23fb6f851621ac9bcda4dc842049bf11') in 0.019940 seconds
  Import took 0.035436 seconds .

========================================================================
Received Import Request.
  Time since last request: 0.000351 seconds.
  path: Assets/Materials/Circles 1.mat
  artifactKey: Guid(0f89e3f012dae504a8ea8cd02ffb9ed6) Importer(815301076,1909f56bfc062723c751e8b465ee728b)
Start importing Assets/Materials/Circles 1.mat using Guid(0f89e3f012dae504a8ea8cd02ffb9ed6) Importer(815301076,1909f56bfc062723c751e8b465ee728b)  -> (artifact id: 'bbb0d9c8a16667d8b75e7b2260460a62') in 0.026764 seconds
  Import took 0.047426 seconds .

========================================================================
Received Import Request.
  Time since last request: 0.000333 seconds.
  path: Assets/Scenes/EmptyARScene.unity
  artifactKey: Guid(20fc48540da562845adb47cb872c284d) Importer(815301076,1909f56bfc062723c751e8b465ee728b)
Start importing Assets/Scenes/EmptyARScene.unity using Guid(20fc48540da562845adb47cb872c284d) Importer(815301076,1909f56bfc062723c751e8b465ee728b)  -> (artifact id: 'e557473ad1cfdd66217bd5a74e4c0775') in 0.003508 seconds
  Import took 0.027282 seconds .

========================================================================
Received Import Request.
  Time since last request: 0.000345 seconds.
  path: Assets/Materials/BlackNight.mat
  artifactKey: Guid(7e416c21bad137b4fb9e57398e6f6870) Importer(815301076,1909f56bfc062723c751e8b465ee728b)
Start importing Assets/Materials/BlackNight.mat using Guid(7e416c21bad137b4fb9e57398e6f6870) Importer(815301076,1909f56bfc062723c751e8b465ee728b)  -> (artifact id: '16ddb0dab090ceb01990c4a696df8b4f') in 0.014963 seconds
  Import took 0.034377 seconds .

========================================================================
Received Import Request.
  Time since last request: 0.000321 seconds.
  path: Assets/Materials/Border 2.mat
  artifactKey: Guid(bf1fdc79129852b4db2d8de36039d612) Importer(815301076,1909f56bfc062723c751e8b465ee728b)
Start importing Assets/Materials/Border 2.mat using Guid(bf1fdc79129852b4db2d8de36039d612) Importer(815301076,1909f56bfc062723c751e8b465ee728b)  -> (artifact id: 'de5ea78fb0b06dc5a621adf2f638bdce') in 0.016691 seconds
  Import took 0.030271 seconds .

========================================================================
Received Import Request.
  Time since last request: 0.000565 seconds.
  path: Assets/Materials/BigCubes.mat
  artifactKey: Guid(53fd34b1489aca146bc7069a7abf51c5) Importer(815301076,1909f56bfc062723c751e8b465ee728b)
Start importing Assets/Materials/BigCubes.mat using Guid(53fd34b1489aca146bc7069a7abf51c5) Importer(815301076,1909f56bfc062723c751e8b465ee728b)  -> (artifact id: 'f26fb8d6860aa4693ae9708d5ece00c0') in 0.041141 seconds
  Import took 0.056060 seconds .

========================================================================
Received Import Request.
  Time since last request: 0.000473 seconds.
  path: Assets/Materials/Cubes.mat
  artifactKey: Guid(2bc6af35b460b324d9cf4085fab65f61) Importer(815301076,1909f56bfc062723c751e8b465ee728b)
Start importing Assets/Materials/Cubes.mat using Guid(2bc6af35b460b324d9cf4085fab65f61) Importer(815301076,1909f56bfc062723c751e8b465ee728b)  -> (artifact id: '250c029c011633c7492058a3932a0b5a') in 0.593746 seconds
  Import took 0.604997 seconds .

========================================================================
Received Import Request.
  Time since last request: 0.000364 seconds.
  path: Assets/Scenes/SongSpotNonAR.unity
  artifactKey: Guid(8134eb05979d50548ace3dace7048077) Importer(815301076,1909f56bfc062723c751e8b465ee728b)
Start importing Assets/Scenes/SongSpotNonAR.unity using Guid(8134eb05979d50548ace3dace7048077) Importer(815301076,1909f56bfc062723c751e8b465ee728b)  -> (artifact id: '97682db6de7930dd87a87ce0bcb6b60f') in 0.003209 seconds
  Import took 0.016290 seconds .

========================================================================
Received Import Request.
  Time since last request: 0.000246 seconds.
  path: Assets/Materials/DownRoad 2.mat
  artifactKey: Guid(96edecd750db4f14ba391f1a36783399) Importer(815301076,1909f56bfc062723c751e8b465ee728b)
Start importing Assets/Materials/DownRoad 2.mat using Guid(96edecd750db4f14ba391f1a36783399) Importer(815301076,1909f56bfc062723c751e8b465ee728b)  -> (artifact id: '0e0910cf892dc001d00685b69074b7e2') in 0.454795 seconds
  Import took 0.466941 seconds .

========================================================================
Received Import Request.
  Time since last request: 0.000320 seconds.
  path: Assets/Materials/BigCubes 1.mat
  artifactKey: Guid(1fc8af21970e31d4f8c5e80d72555060) Importer(815301076,1909f56bfc062723c751e8b465ee728b)
Start importing Assets/Materials/BigCubes 1.mat using Guid(1fc8af21970e31d4f8c5e80d72555060) Importer(815301076,1909f56bfc062723c751e8b465ee728b)  -> (artifact id: '2a5996f48577cfc760e46705c6c76670') in 0.018252 seconds
  Import took 0.028390 seconds .

========================================================================
Received Import Request.
  Time since last request: 0.000326 seconds.
  path: Assets/Materials/BorderLine.mat
  artifactKey: Guid(da2f8ccd2c78bfa43a77fea5f35b0551) Importer(815301076,1909f56bfc062723c751e8b465ee728b)
Start importing Assets/Materials/BorderLine.mat using Guid(da2f8ccd2c78bfa43a77fea5f35b0551) Importer(815301076,1909f56bfc062723c751e8b465ee728b)  -> (artifact id: '005e9dca8644d29d9ee477b273ceba8a') in 0.019511 seconds
  Import took 0.038521 seconds .

========================================================================
Received Import Request.
  Time since last request: 0.000300 seconds.
  path: Assets/Materials/Glass 1.mat
  artifactKey: Guid(0b8f60fdc5092d546aeeefad95ab672d) Importer(815301076,1909f56bfc062723c751e8b465ee728b)
Start importing Assets/Materials/Glass 1.mat using Guid(0b8f60fdc5092d546aeeefad95ab672d) Importer(815301076,1909f56bfc062723c751e8b465ee728b)  -> (artifact id: '2fb058c270b5e007bb2afcefb4c489a1') in 0.080848 seconds
  Import took 0.101873 seconds .

========================================================================
Received Import Request.
  Time since last request: 0.000343 seconds.
  path: Assets/Materials/Circles 2.mat
  artifactKey: Guid(2f40178879e939246bec79a08eb1922c) Importer(815301076,1909f56bfc062723c751e8b465ee728b)
Start importing Assets/Materials/Circles 2.mat using Guid(2f40178879e939246bec79a08eb1922c) Importer(815301076,1909f56bfc062723c751e8b465ee728b)  -> (artifact id: '899666232e0691aa2ea7535c542ce247') in 0.016469 seconds
  Import took 0.034919 seconds .

========================================================================
Received Import Request.
  Time since last request: 0.000551 seconds.
  path: Assets/Materials/Glass 3.mat
  artifactKey: Guid(4b1437149c3651f44bce4d78cc353a1f) Importer(815301076,1909f56bfc062723c751e8b465ee728b)
Start importing Assets/Materials/Glass 3.mat using Guid(4b1437149c3651f44bce4d78cc353a1f) Importer(815301076,1909f56bfc062723c751e8b465ee728b)  -> (artifact id: '8aab71092154db07ff632c7a6caf3af9') in 0.363121 seconds
  Import took 0.382557 seconds .

========================================================================
Received Import Request.
  Time since last request: 0.000346 seconds.
  path: Assets/Materials/CircleTarg 1.mat
  artifactKey: Guid(b8a5b6c52ae2cdc42820d6c3cba05456) Importer(815301076,1909f56bfc062723c751e8b465ee728b)
Start importing Assets/Materials/CircleTarg 1.mat using Guid(b8a5b6c52ae2cdc42820d6c3cba05456) Importer(815301076,1909f56bfc062723c751e8b465ee728b)  -> (artifact id: 'afc140a79b6dca28dbdb04170d24244c') in 0.075931 seconds
  Import took 0.084641 seconds .

========================================================================
Received Import Request.
  Time since last request: 0.000345 seconds.
  path: Assets/Scenes/ARInteraction_MultipleObjects.unity
  artifactKey: Guid(858d023a14f3c428ea45b63078452410) Importer(815301076,1909f56bfc062723c751e8b465ee728b)
Start importing Assets/Scenes/ARInteraction_MultipleObjects.unity using Guid(858d023a14f3c428ea45b63078452410) Importer(815301076,1909f56bfc062723c751e8b465ee728b)  -> (artifact id: 'a240118785f84ab7faa7e7ef065d5fbd') in 0.003240 seconds
  Import took 0.012519 seconds .

========================================================================
Received Import Request.
  Time since last request: 0.000657 seconds.
  path: Assets/Materials/Glass 6.mat
  artifactKey: Guid(87b8dec39cfabfd4b9d85e943de8c345) Importer(815301076,1909f56bfc062723c751e8b465ee728b)
Start importing Assets/Materials/Glass 6.mat using Guid(87b8dec39cfabfd4b9d85e943de8c345) Importer(815301076,1909f56bfc062723c751e8b465ee728b)  -> (artifact id: '717e8af83eb770a939022e19069d07d3') in 0.015824 seconds
  Import took 0.035497 seconds .

========================================================================
Received Import Request.
  Time since last request: 0.000748 seconds.
  path: Assets/Materials/Border.mat
  artifactKey: Guid(55a5d6399f892db44829a928e99f97af) Importer(815301076,1909f56bfc062723c751e8b465ee728b)
Start importing Assets/Materials/Border.mat using Guid(55a5d6399f892db44829a928e99f97af) Importer(815301076,1909f56bfc062723c751e8b465ee728b)  -> (artifact id: '9291ec054ca3bd254bca08caef206393') in 0.015984 seconds
  Import took 0.037209 seconds .

========================================================================
Received Import Request.
  Time since last request: 0.000841 seconds.
  path: Assets/Materials/brown.mat
  artifactKey: Guid(3f49a333ccf9c7c498b81e3003f0fe6d) Importer(815301076,1909f56bfc062723c751e8b465ee728b)
Start importing Assets/Materials/brown.mat using Guid(3f49a333ccf9c7c498b81e3003f0fe6d) Importer(815301076,1909f56bfc062723c751e8b465ee728b)  -> (artifact id: 'f2e924aa7054aa11950005a05c12582d') in 0.191058 seconds
  Import took 0.208762 seconds .

========================================================================
Received Import Request.
  Time since last request: 0.000388 seconds.
  path: Assets/Materials/BackgroundMusic.mat
  artifactKey: Guid(ac887b1103b1f104c81bb2984bace703) Importer(815301076,1909f56bfc062723c751e8b465ee728b)
Start importing Assets/Materials/BackgroundMusic.mat using Guid(ac887b1103b1f104c81bb2984bace703) Importer(815301076,1909f56bfc062723c751e8b465ee728b)  -> (artifact id: '79ccba0ad5040470a0bceb4466b894f9') in 0.013433 seconds
  Import took 0.026101 seconds .

========================================================================
Received Import Request.
  Time since last request: 0.000441 seconds.
  path: Assets/Materials/GradBackground.mat
  artifactKey: Guid(e57f68322068ace4eaad56bfaa16ba2a) Importer(815301076,1909f56bfc062723c751e8b465ee728b)
Start importing Assets/Materials/GradBackground.mat using Guid(e57f68322068ace4eaad56bfaa16ba2a) Importer(815301076,1909f56bfc062723c751e8b465ee728b)  -> (artifact id: 'ebf71ea2ade2e4eaaca41021b60814b4') in 0.063968 seconds
  Import took 0.077432 seconds .

========================================================================
Received Import Request.
  Time since last request: 0.000320 seconds.
  path: Assets/Materials/DownRoad.mat
  artifactKey: Guid(259d3e74bb01ecf4aa953aaf3c97cee6) Importer(815301076,1909f56bfc062723c751e8b465ee728b)
Start importing Assets/Materials/DownRoad.mat using Guid(259d3e74bb01ecf4aa953aaf3c97cee6) Importer(815301076,1909f56bfc062723c751e8b465ee728b)  -> (artifact id: '10dfb136516ff196675664cd1a1a2524') in 0.024476 seconds
  Import took 0.045598 seconds .

========================================================================
Received Import Request.
  Time since last request: 0.000395 seconds.
  path: Assets/Materials/Boxes 1.mat
  artifactKey: Guid(29454569780f19248adc8ee836cde3c7) Importer(815301076,1909f56bfc062723c751e8b465ee728b)
Start importing Assets/Materials/Boxes 1.mat using Guid(29454569780f19248adc8ee836cde3c7) Importer(815301076,1909f56bfc062723c751e8b465ee728b)  -> (artifact id: '5adcaec6d5db480e4a4f1a4037634d55') in 0.013463 seconds
  Import took 0.033478 seconds .

========================================================================
Received Import Request.
  Time since last request: 0.000712 seconds.
  path: Assets/Materials/Line 4.mat
  artifactKey: Guid(be102196769964c4d931569873f1a209) Importer(815301076,1909f56bfc062723c751e8b465ee728b)
Start importing Assets/Materials/Line 4.mat using Guid(be102196769964c4d931569873f1a209) Importer(815301076,1909f56bfc062723c751e8b465ee728b)  -> (artifact id: 'ce38a64bcb398edfdbf71bbb33be7d3c') in 0.016919 seconds
  Import took 0.036258 seconds .

========================================================================
Received Import Request.
  Time since last request: 0.000687 seconds.
  path: Assets/Materials/Line.mat
  artifactKey: Guid(821a68a8fc2e43c4da141007b9858c92) Importer(815301076,1909f56bfc062723c751e8b465ee728b)
Start importing Assets/Materials/Line.mat using Guid(821a68a8fc2e43c4da141007b9858c92) Importer(815301076,1909f56bfc062723c751e8b465ee728b)  -> (artifact id: 'f2fe9344e898c38b243708519f708b04') in 0.027891 seconds
  Import took 0.046293 seconds .

========================================================================
Received Import Request.
  Time since last request: 0.000558 seconds.
  path: Assets/Materials/Circles.mat
  artifactKey: Guid(0431d06ae56c0bf42ae17b1131dcf779) Importer(815301076,1909f56bfc062723c751e8b465ee728b)
Start importing Assets/Materials/Circles.mat using Guid(0431d06ae56c0bf42ae17b1131dcf779) Importer(815301076,1909f56bfc062723c751e8b465ee728b)  -> (artifact id: '967c9c472701608a7815debae10bf983') in 0.013676 seconds
  Import took 0.026187 seconds .

========================================================================
Received Import Request.
  Time since last request: 0.000991 seconds.
  path: Assets/Materials/Line 2.mat
  artifactKey: Guid(cc45cc64fd2227145933938506cadab4) Importer(815301076,1909f56bfc062723c751e8b465ee728b)
Start importing Assets/Materials/Line 2.mat using Guid(cc45cc64fd2227145933938506cadab4) Importer(815301076,1909f56bfc062723c751e8b465ee728b)  -> (artifact id: '5fb249d61238d1f1e814cacd738ab382') in 0.022752 seconds
  Import took 0.043334 seconds .

========================================================================
Received Import Request.
  Time since last request: 0.000436 seconds.
  path: Assets/Materials/GrayFloor.mat
  artifactKey: Guid(b5a993a5dfcd7414586193432deeac26) Importer(815301076,1909f56bfc062723c751e8b465ee728b)
Start importing Assets/Materials/GrayFloor.mat using Guid(b5a993a5dfcd7414586193432deeac26) Importer(815301076,1909f56bfc062723c751e8b465ee728b)  -> (artifact id: '2f81b7d6868b43c5b4b5b159e0d7efaf') in 0.016555 seconds
  Import took 0.036509 seconds .

========================================================================
Received Import Request.
  Time since last request: 0.000801 seconds.
  path: Assets/Materials/Border 3.mat
  artifactKey: Guid(009ceae564fa55348909dd9ed8050746) Importer(815301076,1909f56bfc062723c751e8b465ee728b)
Start importing Assets/Materials/Border 3.mat using Guid(009ceae564fa55348909dd9ed8050746) Importer(815301076,1909f56bfc062723c751e8b465ee728b)  -> (artifact id: 'e094626f757b06519e5b55ea9521d65c') in 0.014692 seconds
  Import took 0.036054 seconds .

========================================================================
Received Import Request.
  Time since last request: 0.001104 seconds.
  path: Assets/Materials/Glass 2.mat
  artifactKey: Guid(687cda64d8e043743b2358f3924983f8) Importer(815301076,1909f56bfc062723c751e8b465ee728b)
Start importing Assets/Materials/Glass 2.mat using Guid(687cda64d8e043743b2358f3924983f8) Importer(815301076,1909f56bfc062723c751e8b465ee728b)  -> (artifact id: '0582c4bd9b4e4c314ee63369a7553cd5') in 0.023976 seconds
  Import took 0.050347 seconds .

========================================================================
Received Import Request.
  Time since last request: 0.000272 seconds.
  path: Assets/Materials/Line 6.mat
  artifactKey: Guid(72e44afaf3f334f48bc9a7446422e2be) Importer(815301076,1909f56bfc062723c751e8b465ee728b)
Start importing Assets/Materials/Line 6.mat using Guid(72e44afaf3f334f48bc9a7446422e2be) Importer(815301076,1909f56bfc062723c751e8b465ee728b)  -> (artifact id: '619a391d610850fa388366473707b89c') in 0.235348 seconds
  Import took 0.249108 seconds .

========================================================================
Received Import Request.
  Time since last request: 0.000630 seconds.
  path: Assets/Scenes/ARInteraction.unity
  artifactKey: Guid(fd4c296f5121a48fa86abc210ff7d6c8) Importer(815301076,1909f56bfc062723c751e8b465ee728b)
Start importing Assets/Scenes/ARInteraction.unity using Guid(fd4c296f5121a48fa86abc210ff7d6c8) Importer(815301076,1909f56bfc062723c751e8b465ee728b)  -> (artifact id: '3b81e82a1f1a9a8d7c5a4959c5bbeefb') in 0.002291 seconds
  Import took 0.019425 seconds .

========================================================================
Received Import Request.
  Time since last request: 0.000376 seconds.
  path: Assets/Materials/Border 1.mat
  artifactKey: Guid(95c77599d172d704289c7d57b8daf813) Importer(815301076,1909f56bfc062723c751e8b465ee728b)
Start importing Assets/Materials/Border 1.mat using Guid(95c77599d172d704289c7d57b8daf813) Importer(815301076,1909f56bfc062723c751e8b465ee728b)  -> (artifact id: '3a31fd7a83c45209c5c39ee5983f11bd') in 0.025198 seconds
  Import took 0.047156 seconds .

========================================================================
Received Import Request.
  Time since last request: 0.002466 seconds.
  path: Assets/Materials/Checkered.mat
  artifactKey: Guid(1bf33998c68d4e94fa9d3bcdcb78c58d) Importer(815301076,1909f56bfc062723c751e8b465ee728b)
Start importing Assets/Materials/Checkered.mat using Guid(1bf33998c68d4e94fa9d3bcdcb78c58d) Importer(815301076,1909f56bfc062723c751e8b465ee728b)  -> (artifact id: '1e4f819104169d57c095ae161459585f') in 0.294381 seconds
  Import took 0.310882 seconds .

========================================================================
Received Import Request.
  Time since last request: 0.000382 seconds.
  path: Assets/Materials/Line1.mat
  artifactKey: Guid(e6017a7fa4c4ff542b9d60433c0447f8) Importer(815301076,1909f56bfc062723c751e8b465ee728b)
Start importing Assets/Materials/Line1.mat using Guid(e6017a7fa4c4ff542b9d60433c0447f8) Importer(815301076,1909f56bfc062723c751e8b465ee728b)  -> (artifact id: '6bf89669468248f2daf8d447fdfa8b1b') in 0.018934 seconds
  Import took 0.034413 seconds .

========================================================================
Received Prepare
Registering precompiled user dll's ...
Registered in 0.017488 seconds.
Begin MonoManager ReloadAssembly
Native extension for WindowsStandalone target not found
Native extension for OSXStandalone target not found
Refreshing native plugins compatible for Editor in 1.07 ms, found 2 plugins.
Preloading 0 native plugins for Editor in 0.00 ms.
Mono: successfully reloaded assembly
- Completed reload, in  2.856 seconds
Platform modules already initialized, skipping
Refreshing native plugins compatible for Editor in 1.85 ms, found 2 plugins.
Preloading 0 native plugins for Editor in 0.00 ms.
Unloading 3714 Unused Serialized files (Serialized files now loaded: 0)
System memory in use before: 235.1 MB.
System memory in use after: 235.3 MB.

Unloading 19 unused Assets to reduce memory usage. Loaded Objects now: 4238.
Total: 7.208070 ms (FindLiveObjects: 1.387175 ms CreateObjectMapping: 0.615973 ms MarkObjects: 5.105514 ms  DeleteObjects: 0.096721 ms)

========================================================================
Received Prepare
Registering precompiled user dll's ...
Registered in 0.012392 seconds.
Begin MonoManager ReloadAssembly
Native extension for WindowsStandalone target not found
Native extension for OSXStandalone target not found
Refreshing native plugins compatible for Editor in 1.68 ms, found 2 plugins.
Preloading 0 native plugins for Editor in 0.00 ms.
Mono: successfully reloaded assembly
- Completed reload, in  4.502 seconds
Platform modules already initialized, skipping
Refreshing native plugins compatible for Editor in 1.06 ms, found 2 plugins.
Preloading 0 native plugins for Editor in 0.00 ms.
Unloading 3715 Unused Serialized files (Serialized files now loaded: 0)
System memory in use before: 235.4 MB.
System memory in use after: 235.6 MB.

Unloading 17 unused Assets to reduce memory usage. Loaded Objects now: 4242.
Total: 5.451528 ms (FindLiveObjects: 0.585762 ms CreateObjectMapping: 0.239812 ms MarkObjects: 4.498127 ms  DeleteObjects: 0.125656 ms)

========================================================================
Received Prepare
Registering precompiled user dll's ...
Registered in 0.014000 seconds.
Begin MonoManager ReloadAssembly
Native extension for WindowsStandalone target not found
Native extension for OSXStandalone target not found
Refreshing native plugins compatible for Editor in 0.90 ms, found 2 plugins.
Preloading 0 native plugins for Editor in 0.00 ms.
Mono: successfully reloaded assembly
- Completed reload, in  2.530 seconds
Platform modules already initialized, skipping
Refreshing native plugins compatible for Editor in 0.95 ms, found 2 plugins.
Preloading 0 native plugins for Editor in 0.00 ms.
Unloading 3715 Unused Serialized files (Serialized files now loaded: 0)
System memory in use before: 235.6 MB.
System memory in use after: 235.9 MB.

Unloading 17 unused Assets to reduce memory usage. Loaded Objects now: 4245.
Total: 4.742203 ms (FindLiveObjects: 0.941181 ms CreateObjectMapping: 0.366411 ms MarkObjects: 3.361664 ms  DeleteObjects: 0.070912 ms)

========================================================================
Received Prepare
Registering precompiled user dll's ...
Registered in 0.044949 seconds.
Begin MonoManager ReloadAssembly
Native extension for WindowsStandalone target not found
Native extension for OSXStandalone target not found
Refreshing native plugins compatible for Editor in 1.13 ms, found 2 plugins.
Preloading 0 native plugins for Editor in 0.00 ms.
Mono: successfully reloaded assembly
- Completed reload, in  2.692 seconds
Platform modules already initialized, skipping
Refreshing native plugins compatible for Editor in 1.12 ms, found 2 plugins.
Preloading 0 native plugins for Editor in 0.00 ms.
Unloading 3715 Unused Serialized files (Serialized files now loaded: 0)
System memory in use before: 235.9 MB.
System memory in use after: 236.1 MB.

Unloading 17 unused Assets to reduce memory usage. Loaded Objects now: 4248.
Total: 5.182812 ms (FindLiveObjects: 0.965073 ms CreateObjectMapping: 0.451375 ms MarkObjects: 3.692905 ms  DeleteObjects: 0.071300 ms)

========================================================================
Received Prepare
Registering precompiled user dll's ...
Registered in 0.016563 seconds.
Begin MonoManager ReloadAssembly
Native extension for WindowsStandalone target not found
Native extension for OSXStandalone target not found
Refreshing native plugins compatible for Editor in 1.81 ms, found 2 plugins.
Preloading 0 native plugins for Editor in 0.00 ms.
Mono: successfully reloaded assembly
- Completed reload, in  4.705 seconds
Platform modules already initialized, skipping
Refreshing native plugins compatible for Editor in 8.35 ms, found 2 plugins.
Preloading 0 native plugins for Editor in 0.00 ms.
Unloading 3715 Unused Serialized files (Serialized files now loaded: 0)
System memory in use before: 236.1 MB.
System memory in use after: 236.3 MB.

Unloading 17 unused Assets to reduce memory usage. Loaded Objects now: 4251.
Total: 45.789757 ms (FindLiveObjects: 1.298648 ms CreateObjectMapping: 12.019666 ms MarkObjects: 32.093137 ms  DeleteObjects: 0.375854 ms)

